Arguments: 
  D:\nodejs\node.exe D:\nodejs\node_global\node_modules\yarn\bin\yarn.js

PATH: 
  C:\ProgramData\Oracle\Java\javapath;C:\WINDOWS\system32;C:\WINDOWS;C:\WINDOWS\System32\Wbem;C:\WINDOWS\System32\WindowsPowerShell\v1.0\;C:\WINDOWS\System32\OpenSSH\;D:\Git\cmd;D:\nodejs\;D:\Ruby25-x64\bin;"C:\Users\Xueting Zhang\AppData\Local\Microsoft\WindowsApps;%PATH_HOME%\bin;%PATH_HOME%\jre\bin;";D:\nodejs\node_global;D:\Bandizip\;C:\Users\Xueting Zhang\AppData\Roaming\npm;C:\Users\Xueting Zhang\AppData\Local\Microsoft\WindowsApps;;D:\VSCode\Microsoft VS Code\bin

Yarn version: 
  1.13.0

Node version: 
  10.15.0

Platform: 
  win32 x64

Trace: 
  Error: ENOENT: no such file or directory, copyfile 'C:\Users\Xueting Zhang\AppData\Local\Yarn\Cache\v4\npm-pump-3.0.0-b4a2116815bde2f4e1ea602354e8c75565107a64\node_modules\pump\index.js' -> 'D:\WebstormProjects\tour-website\node_modules\bin-version\node_modules\pump\index.js'

npm manifest: 
  {
    "name": "tour-website",
    "version": "0.1.0",
    "private": true,
    "dependencies": {
      "@babel/core": "7.1.6",
      "@svgr/webpack": "2.4.1",
      "antd": "^3.12.3",
      "axios": "^0.18.0",
      "babel-core": "^7.0.0-bridge.0",
      "babel-eslint": "9.0.0",
      "babel-jest": "23.6.0",
      "babel-loader": "8.0.4",
      "babel-plugin-css-modules-transform": "^1.6.2",
      "babel-plugin-named-asset-import": "^0.3.0",
      "babel-preset-env": "^1.7.0",
      "babel-preset-es2015": "^6.24.1",
      "babel-preset-react-app": "^7.0.0",
      "babel-preset-stage-0": "^6.24.1",
      "babelify": "^10.0.0",
      "bfj": "6.1.1",
      "browserify": "^16.2.3",
      "case-sensitive-paths-webpack-plugin": "2.1.2",
      "chalk": "2.4.1",
      "css-loader": "1.0.0",
      "dotenv": "6.0.0",
      "dotenv-expand": "4.2.0",
      "eslint": "5.6.0",
      "eslint-config-react-app": "^3.0.6",
      "eslint-loader": "2.1.1",
      "eslint-plugin-flowtype": "2.50.1",
      "eslint-plugin-import": "2.14.0",
      "eslint-plugin-jsx-a11y": "6.1.2",
      "eslint-plugin-react": "7.11.1",
      "file-loader": "2.0.0",
      "fork-ts-checker-webpack-plugin-alt": "0.4.14",
      "fs-extra": "7.0.0",
      "gulp-babel": "^8.0.0",
      "gulp-imagemin": "^5.0.3",
      "gulp-minify-css": "^1.2.4",
      "gulp-react": "^4.0.0",
      "gulp-scss": "^1.4.0",
      "gulp-sourcemaps": "^2.6.4",
      "gulp-uglify": "^3.0.1",
      "html-webpack-plugin": "4.0.0-alpha.2",
      "identity-obj-proxy": "3.0.0",
      "jest": "23.6.0",
      "jest-pnp-resolver": "1.0.1",
      "jest-resolve": "23.6.0",
      "jquery": "^3.3.1",
      "lodash.assign": "^4.2.0",
      "lodash.clonedeep": "^4.5.0",
      "mini-css-extract-plugin": "0.4.3",
      "mockjs": "^1.0.1-beta3",
      "node-sass": "^4.11.0",
      "optimize-css-assets-webpack-plugin": "5.0.1",
      "pnp-webpack-plugin": "1.1.0",
      "postcss-flexbugs-fixes": "4.1.0",
      "postcss-loader": "3.0.0",
      "postcss-preset-env": "6.3.1",
      "postcss-safe-parser": "4.0.1",
      "react": "^16.7.0",
      "react-app-polyfill": "^0.2.0",
      "react-dev-utils": "^7.0.1",
      "react-dom": "^16.7.0",
      "react-router": "^3.2.1",
      "react-router-dom": "^4.3.1",
      "resolve": "1.8.1",
      "sass-loader": "7.1.0",
      "style-loader": "0.23.0",
      "terser-webpack-plugin": "1.1.0",
      "url-loader": "1.1.1",
      "vinyl-buffer": "^1.0.1",
      "vinyl-source-stream": "^2.0.0",
      "webpack": "4.19.1",
      "webpack-dev-server": "3.1.14",
      "webpack-manifest-plugin": "2.0.4",
      "workbox-webpack-plugin": "3.6.3"
    },
    "scripts": {
      "start": "node scripts/start.js",
      "build": "node scripts/build.js",
      "test": "node scripts/test.js"
    },
    "eslintConfig": {
      "extends": "react-app"
    },
    "browserslist": [
      ">0.2%",
      "not dead",
      "not ie <= 11",
      "not op_mini all"
    ],
    "devDependencies": {
      "babel-plugin-import": "^1.11.0",
      "gulp": "^4.0.0"
    },
    "jest": {
      "collectCoverageFrom": [
        "src/**/*.{js,jsx,ts,tsx}",
        "!src/**/*.d.ts"
      ],
      "resolver": "jest-pnp-resolver",
      "setupFiles": [
        "react-app-polyfill/jsdom"
      ],
      "testMatch": [
        "<rootDir>/src/**/__tests__/**/*.{js,jsx,ts,tsx}",
        "<rootDir>/src/**/?(*.)(spec|test).{js,jsx,ts,tsx}"
      ],
      "testEnvironment": "jsdom",
      "testURL": "http://localhost",
      "transform": {
        "^.+\\.(js|jsx|ts|tsx)$": "<rootDir>/node_modules/babel-jest",
        "^.+\\.css$": "<rootDir>/config/jest/cssTransform.js",
        "^(?!.*\\.(js|jsx|ts|tsx|css|json)$)": "<rootDir>/config/jest/fileTransform.js"
      },
      "transformIgnorePatterns": [
        "[/\\\\]node_modules[/\\\\].+\\.(js|jsx|ts|tsx)$",
        "^.+\\.module\\.(css|sass|scss)$"
      ],
      "moduleNameMapper": {
        "^react-native$": "react-native-web",
        "^.+\\.module\\.(css|sass|scss)$": "identity-obj-proxy"
      },
      "moduleFileExtensions": [
        "web.js",
        "js",
        "web.ts",
        "ts",
        "web.tsx",
        "tsx",
        "json",
        "web.jsx",
        "jsx",
        "node"
      ]
    }
  }

yarn manifest: 
  No manifest

Lockfile: 
  No lockfile
